<?xml version="1.0" encoding="UTF-8"?>
<!-- Generated by org.testng.reporters.JUnitReportReporter -->
<testsuite hostname="Huawei-PC" failures="0" tests="2" name="tests.createAccountPageTests.Tests" time="19.652" errors="0" timestamp="2023-05-18T10:31:46 EEST" skipped="0">
  <testcase classname="tests.createAccountPageTests.Tests" name="test2" time="9.406"/>
  <system-out/>
  <testcase classname="tests.createAccountPageTests.Tests" name="test1" time="10.246"/>
  <system-out/>
</testsuite> <!-- tests.createAccountPageTests.Tests -->
