<?xml version="1.0" encoding="UTF-8"?>
<!-- Generated by org.testng.reporters.JUnitReportReporter -->
<testsuite hostname="Mac.local" failures="0" tests="1" name="tests.marketsPageTests.HeaderTests" time="10.784" errors="0" timestamp="2023-05-23T01:19:52 EEST" skipped="0">
  <testcase classname="tests.marketsPageTests.HeaderTests" name="all_header" time="10.784"/>
  <system-out/>
</testsuite> <!-- tests.marketsPageTests.HeaderTests -->
